16 Aug 2017 16:28:47 ERROR Runner.printStackTrace - /home/matti/Tools/android-studio-canary/android-studio/jre/jre/bin/java (Text file busy)
java.io.FileNotFoundException: /home/matti/Tools/android-studio-canary/android-studio/jre/jre/bin/java (Text file busy)
	at java.io.FileOutputStream.open0(Native Method)
	at java.io.FileOutputStream.open(FileOutputStream.java:270)
	at java.io.FileOutputStream.<init>(FileOutputStream.java:213)
	at com.intellij.updater.PatchAction.isWritable(PatchAction.java:149)
	at com.intellij.updater.PatchAction.doValidateAccess(PatchAction.java:143)
	at com.intellij.updater.BaseUpdateAction.validate(BaseUpdateAction.java:100)
	at com.intellij.updater.Patch.lambda$validate$0(Patch.java:311)
	at com.intellij.updater.Patch.forEach(Patch.java:427)
	at com.intellij.updater.Patch.validate(Patch.java:310)
	at com.intellij.updater.PatchFileCreator.prepareAndValidate(PatchFileCreator.java:68)
	at com.intellij.updater.Runner.doInstall(Runner.java:332)
	at com.intellij.updater.Runner.lambda$install$0(Runner.java:302)
	at com.intellij.updater.StandaloneSwingUpdaterUI.lambda$doPerform$1(StandaloneSwingUpdaterUI.java:188)
	at java.lang.Thread.run(Thread.java:745)
16 Aug 2017 16:28:47 ERROR Runner.printStackTrace - /home/matti/Tools/android-studio-canary/android-studio/jre/bin/java (Text file busy)
java.io.FileNotFoundException: /home/matti/Tools/android-studio-canary/android-studio/jre/bin/java (Text file busy)
	at java.io.FileOutputStream.open0(Native Method)
	at java.io.FileOutputStream.open(FileOutputStream.java:270)
	at java.io.FileOutputStream.<init>(FileOutputStream.java:213)
	at com.intellij.updater.PatchAction.isWritable(PatchAction.java:149)
	at com.intellij.updater.PatchAction.doValidateAccess(PatchAction.java:143)
	at com.intellij.updater.BaseUpdateAction.validate(BaseUpdateAction.java:100)
	at com.intellij.updater.Patch.lambda$validate$0(Patch.java:311)
	at com.intellij.updater.Patch.forEach(Patch.java:427)
	at com.intellij.updater.Patch.validate(Patch.java:310)
	at com.intellij.updater.PatchFileCreator.prepareAndValidate(PatchFileCreator.java:68)
	at com.intellij.updater.Runner.doInstall(Runner.java:332)
	at com.intellij.updater.Runner.lambda$install$0(Runner.java:302)
	at com.intellij.updater.StandaloneSwingUpdaterUI.lambda$doPerform$1(StandaloneSwingUpdaterUI.java:188)
	at java.lang.Thread.run(Thread.java:745)
